TN:
SF:index.js
FN:39,regular
FN:44,extractUsage
FN:76,(anonymous_3)
FN:110,strings
FN:145,parse
FN:158,(anonymous_6)
FN:172,(anonymous_7)
FN:193,(anonymous_8)
FN:212,(anonymous_9)
FN:253,formatMessage
FN:261,chooseMessage
FN:270,Options
FN:277,(anonymous_13)
FN:282,(anonymous_14)
FN:288,(anonymous_15)
FN:299,getopt
FN:301,(anonymous_17)
FN:335,flatten
FN:337,(anonymous_19)
FN:342,(anonymous_20)
FN:343,(anonymous_21)
FNF:21
FNH:21
FNDA:23,regular
FNDA:73,extractUsage
FNDA:510,(anonymous_3)
FNDA:44,strings
FNDA:36,parse
FNDA:3,(anonymous_6)
FNDA:6,(anonymous_7)
FNDA:499,(anonymous_8)
FNDA:13,(anonymous_9)
FNDA:14,formatMessage
FNDA:14,chooseMessage
FNDA:34,Options
FNDA:4,(anonymous_13)
FNDA:2,(anonymous_14)
FNDA:10,(anonymous_15)
FNDA:34,getopt
FNDA:26,(anonymous_17)
FNDA:100,flatten
FNDA:106,(anonymous_19)
FNDA:2,(anonymous_20)
FNDA:2,(anonymous_21)
DA:27,13
DA:39,23
DA:41,13
DA:44,13
DA:45,73
DA:63,73
DA:64,2173
DA:65,100
DA:66,86
DA:67,86
DA:68,72
DA:69,72
DA:70,72
DA:71,1312
DA:72,857
DA:74,1312
DA:75,116
DA:76,510
DA:77,72
DA:78,72
DA:80,44
DA:82,116
DA:83,44
DA:84,44
DA:86,72
DA:87,72
DA:88,62
DA:89,62
DA:91,10
DA:92,10
DA:93,10
DA:96,0
DA:101,11
DA:103,11
DA:107,13
DA:110,13
DA:111,44
DA:113,44
DA:114,258
DA:115,214
DA:116,214
DA:117,214
DA:118,598
DA:119,384
DA:120,384
DA:121,214
DA:123,428
DA:125,214
DA:126,428
DA:128,214
DA:129,214
DA:130,214
DA:134,44
DA:145,13
DA:146,36
DA:152,36
DA:155,36
DA:157,36
DA:158,31
DA:159,3
DA:161,1
DA:162,1
DA:163,1
DA:165,1
DA:166,1
DA:167,1
DA:169,1
DA:172,26
DA:176,36
DA:178,36
DA:179,36
DA:180,36
DA:183,36
DA:186,34
DA:187,3
DA:193,34
DA:194,499
DA:195,499
DA:196,106
DA:200,106
DA:201,106
DA:202,106
DA:204,499
DA:209,34
DA:210,34
DA:211,34
DA:212,34
DA:213,13
DA:214,13
DA:216,2
DA:217,2
DA:218,2
DA:219,2
DA:220,2
DA:222,10
DA:223,10
DA:224,10
DA:225,10
DA:230,10
DA:231,4
DA:233,1
DA:236,34
DA:237,28
DA:238,28
DA:239,28
DA:240,3
DA:241,3
DA:242,1
DA:245,28
DA:246,28
DA:248,13
DA:250,27
DA:253,13
DA:254,14
DA:255,14
DA:256,18
DA:258,14
DA:261,13
DA:262,14
DA:263,14
DA:264,15
DA:265,1
DA:266,1
DA:267,1
DA:270,13
DA:271,34
DA:272,34
DA:273,34
DA:274,34
DA:277,13
DA:278,4
DA:279,4
DA:282,13
DA:283,2
DA:284,2
DA:285,2
DA:288,13
DA:289,10
DA:290,10
DA:291,10
DA:292,10
DA:299,13
DA:300,34
DA:301,34
DA:302,34
DA:303,23
DA:304,23
DA:305,23
DA:306,23
DA:307,21
DA:308,21
DA:309,21
DA:310,20
DA:311,20
DA:312,15
DA:313,13
DA:315,18
DA:317,1
DA:318,0
DA:319,0
DA:321,0
DA:324,17
DA:325,17
DA:326,12
DA:327,12
DA:329,28
DA:335,13
DA:336,100
DA:337,100
DA:338,106
DA:339,106
DA:340,63
DA:341,43
DA:342,1
DA:343,2
DA:344,2
DA:345,2
DA:349,42
DA:353,100
DA:356,13
DA:357,13
LF:181
LH:177
BRDA:64,1,0,100
BRDA:64,1,1,2073
BRDA:65,2,0,14
BRDA:65,2,1,86
BRDA:67,3,0,72
BRDA:67,3,1,14
BRDA:67,4,0,86
BRDA:67,4,1,13
BRDA:67,4,2,76
BRDA:67,4,3,7
BRDA:71,5,0,857
BRDA:71,5,1,455
BRDA:74,6,0,116
BRDA:74,6,1,1196
BRDA:75,7,0,72
BRDA:75,7,1,44
BRDA:78,8,0,3
BRDA:78,8,1,69
BRDA:82,9,0,44
BRDA:82,9,1,72
BRDA:86,10,0,69
BRDA:86,10,1,3
BRDA:87,11,0,62
BRDA:87,11,1,10
BRDA:101,12,0,7
BRDA:101,12,1,4
BRDA:114,13,0,214
BRDA:114,13,1,44
BRDA:115,14,0,214
BRDA:115,14,1,213
BRDA:116,15,0,0
BRDA:116,15,1,214
BRDA:118,16,0,384
BRDA:118,16,1,214
BRDA:120,17,0,170
BRDA:120,17,1,214
BRDA:128,18,0,214
BRDA:128,18,1,0
BRDA:152,19,0,5
BRDA:152,19,1,31
BRDA:155,20,0,10
BRDA:155,20,1,26
BRDA:157,21,0,31
BRDA:157,21,1,5
BRDA:158,22,0,5
BRDA:158,22,1,26
BRDA:159,23,0,1
BRDA:159,23,1,1
BRDA:159,23,2,1
BRDA:159,24,0,2
BRDA:159,24,1,1
BRDA:176,25,0,11
BRDA:176,25,1,25
BRDA:176,26,0,36
BRDA:176,26,1,11
BRDA:183,27,0,2
BRDA:183,27,1,34
BRDA:186,28,0,3
BRDA:186,28,1,31
BRDA:195,29,0,106
BRDA:195,29,1,393
BRDA:196,30,0,106
BRDA:196,30,1,0
BRDA:198,31,0,106
BRDA:198,31,1,57
BRDA:198,31,2,49
BRDA:198,32,0,16
BRDA:198,32,1,41
BRDA:200,33,0,26
BRDA:200,33,1,80
BRDA:202,34,0,101
BRDA:202,34,1,5
BRDA:213,35,0,0
BRDA:213,35,1,13
BRDA:214,36,0,2
BRDA:214,36,1,10
BRDA:214,36,2,1
BRDA:214,37,0,12
BRDA:214,37,1,1
BRDA:239,38,0,3
BRDA:239,38,1,25
BRDA:241,39,0,1
BRDA:241,39,1,2
BRDA:246,40,0,9
BRDA:246,40,1,19
BRDA:256,41,0,14
BRDA:256,41,1,4
BRDA:264,42,0,13
BRDA:264,42,1,2
BRDA:266,43,0,0
BRDA:266,43,1,1
BRDA:274,44,0,3
BRDA:274,44,1,31
BRDA:302,45,0,51
BRDA:302,45,1,23
BRDA:302,45,2,0
BRDA:302,45,3,23
BRDA:304,46,0,23
BRDA:304,46,1,21
BRDA:304,46,2,18
BRDA:306,47,0,2
BRDA:306,47,1,21
BRDA:306,48,0,1
BRDA:306,48,1,1
BRDA:309,49,0,20
BRDA:309,49,1,1
BRDA:310,50,0,20
BRDA:310,50,1,0
BRDA:310,51,0,20
BRDA:310,51,1,0
BRDA:310,51,2,0
BRDA:311,52,0,15
BRDA:311,52,1,5
BRDA:312,53,0,2
BRDA:312,53,1,13
BRDA:312,54,0,1
BRDA:312,54,1,1
BRDA:315,55,0,2
BRDA:315,55,1,16
BRDA:315,56,0,18
BRDA:315,56,1,5
BRDA:317,57,0,0
BRDA:317,57,1,1
BRDA:318,58,0,0
BRDA:318,58,1,0
BRDA:321,59,0,0
BRDA:321,59,1,0
BRDA:325,60,0,5
BRDA:325,60,1,12
BRDA:326,61,0,0
BRDA:326,61,1,12
BRDA:338,62,0,106
BRDA:338,62,1,0
BRDA:339,63,0,63
BRDA:339,63,1,43
BRDA:341,64,0,1
BRDA:341,64,1,42
BRDA:343,65,0,0
BRDA:343,65,1,2
BRDA:345,66,0,1
BRDA:345,66,1,1
BRF:141
BRH:124
end_of_record
